<?xml version="1.0" encoding="UTF-8"?>
<testng-results ignored="0" total="2" passed="2" failed="0" skipped="0">
  <reporter-output>
  </reporter-output>
  <suite started-at="2022-08-11T10:17:10 ICT" name="Suite" finished-at="2022-08-11T10:23:04 ICT" duration-ms="354028">
    <groups>
    </groups>
    <test started-at="2022-08-11T10:17:10 ICT" name="Test" finished-at="2022-08-11T10:23:04 ICT" duration-ms="354028">
      <class name="com.simplilearn.Phase4Project.AddToCart">
        <test-method is-config="true" signature="setUp()[pri:0, instance:com.simplilearn.Phase4Project.AddToCart@1bb266b3]" started-at="2022-08-11T10:17:10 ICT" name="setUp" finished-at="2022-08-11T10:17:22 ICT" duration-ms="11999" status="PASS">
          <reporter-output>
          </reporter-output>
        </test-method> <!-- setUp -->
        <test-method signature="testLaptop()[pri:0, instance:com.simplilearn.Phase4Project.AddToCart@1bb266b3]" started-at="2022-08-11T10:17:47 ICT" name="testLaptop" finished-at="2022-08-11T10:20:20 ICT" duration-ms="153005" status="PASS">
          <reporter-output>
          </reporter-output>
        </test-method> <!-- testLaptop -->
        <test-method is-config="true" signature="tearDown()[pri:0, instance:com.simplilearn.Phase4Project.AddToCart@1bb266b3]" started-at="2022-08-11T10:23:03 ICT" name="tearDown" finished-at="2022-08-11T10:23:03 ICT" duration-ms="534" status="PASS">
          <reporter-output>
          </reporter-output>
        </test-method> <!-- tearDown -->
      </class> <!-- com.simplilearn.Phase4Project.AddToCart -->
      <class name="com.simplilearn.Phase4Project.CompareLaptops">
        <test-method is-config="true" signature="setUp()[pri:0, instance:com.simplilearn.Phase4Project.CompareLaptops@306cf3ea]" started-at="2022-08-11T10:17:22 ICT" name="setUp" finished-at="2022-08-11T10:17:47 ICT" duration-ms="25685" status="PASS">
          <reporter-output>
          </reporter-output>
        </test-method> <!-- setUp -->
        <test-method signature="testCompare()[pri:0, instance:com.simplilearn.Phase4Project.CompareLaptops@306cf3ea]" started-at="2022-08-11T10:20:20 ICT" name="testCompare" finished-at="2022-08-11T10:23:03 ICT" duration-ms="162273" status="PASS">
          <reporter-output>
          </reporter-output>
        </test-method> <!-- testCompare -->
        <test-method is-config="true" signature="tearDown()[pri:0, instance:com.simplilearn.Phase4Project.CompareLaptops@306cf3ea]" started-at="2022-08-11T10:23:03 ICT" name="tearDown" finished-at="2022-08-11T10:23:04 ICT" duration-ms="481" status="PASS">
          <reporter-output>
          </reporter-output>
        </test-method> <!-- tearDown -->
      </class> <!-- com.simplilearn.Phase4Project.CompareLaptops -->
    </test> <!-- Test -->
  </suite> <!-- Suite -->
</testng-results>
